<?xml version="1.0" encoding="utf-8" standalone="no"?>
<!--This file represents the results of running a test suite-->
<test-results name="C:\Users\desoleary\Documents\Visual Studio 2008\Projects\CustomerManagementService\CustomerManagement.FunctionalTests\bin\Release\CustomerManagement.FunctionalTests.dll" total="3" errors="0" failures="0" not-run="1" inconclusive="0" ignored="0" skipped="0" invalid="1" date="2010-02-07" time="19:50:59">
  <environment nunit-version="2.5.2.9222" clr-version="2.0.50727.4200" os-version="Microsoft Windows NT 6.0.6002 Service Pack 2" platform="Win32NT" cwd="C:\Users\desoleary\Documents\Visual Studio 2008\Projects\CustomerManagementService\CustomerManagement.FunctionalTests\bin\Release" machine-name="DESOLEARY-PC" user="desoleary" user-domain="desoleary-PC" />
  <culture-info current-culture="en-US" current-uiculture="en-US" />
  <test-suite name="C:\Users\desoleary\Documents\Visual Studio 2008\Projects\CustomerManagementService\CustomerManagement.FunctionalTests\bin\Release\CustomerManagement.FunctionalTests.dll" executed="True" success="True" time="0.645" asserts="0">
    <results>
      <test-suite name="CustomerManagement" executed="True" success="True" time="0.643" asserts="0">
        <results>
          <test-suite name="FunctionalTests" executed="True" success="True" time="0.643" asserts="0">
            <results>
              <test-suite name="Templates" executed="True" success="True" time="0.643" asserts="0">
                <results>
                  <test-suite name="NVelocityAdapterTest" executed="True" success="True" time="0.642" asserts="0">
                    <results>
                      <test-case name="CustomerManagement.FunctionalTests.Templates.NVelocityAdapterTest.ShouldRenderCreateStudent" executed="True" success="True" time="0.580" asserts="1" />
                      <test-case name="CustomerManagement.FunctionalTests.Templates.NVelocityAdapterTest.ShouldRenderGetStudent" executed="True" success="True" time="0.013" asserts="1" />
                      <test-case name="CustomerManagement.FunctionalTests.Templates.NVelocityAdapterTest.ShouldRenderListOfStudents" executed="True" success="True" time="0.027" asserts="1" />
                      <test-case name="CustomerManagement.FunctionalTests.Templates.NVelocityAdapterTest.ToXmlString" executed="False">
                        <reason>
                          <message><![CDATA[Method is not public]]></message>
                        </reason>
                      </test-case>
                    </results>
                  </test-suite>
                </results>
              </test-suite>
            </results>
          </test-suite>
        </results>
      </test-suite>
    </results>
  </test-suite>
</test-results>